<?xml version="1.0" encoding="UTF-8"?>
<!-- Generated by org.testng.reporters.JUnitReportReporter -->
<testsuite hostname="saurabhkumar14" failures="0" tests="2" name="GetUser" time="1.233" errors="0" timestamp="2020-12-28T19:04:20 IST" skipped="0">
  <testcase classname="GetUser" name="GetNewUser" time="0.713"/>
  <system-out>
User Id is: 1598 User Name is : Saurabh  </system-out>
  <testcase classname="GetUser" name="GetNewUserNegative" time="0.520"/>
  <system-out>
Status Code is: 404  </system-out>
</testsuite> <!-- GetUser -->
