<?xml version="1.0" encoding="UTF-8"?>
<!-- Generated by org.testng.reporters.JUnitReportReporter -->
<testsuite hostname="saurabhkumar14" failures="0" tests="2" name="UpdateUserDetails" time="1.066" errors="0" timestamp="2020-12-28T19:04:20 IST" skipped="0">
  <testcase classname="UpdateUserDetails" name="UpdateUserdetails" time="0.560"/>
  <system-out>
Updated UserEmail: saurabhkumar131123@gmail.com  </system-out>
  <testcase classname="UpdateUserDetails" name="UpdateUserdetailsNegative" time="0.506"/>
  <system-out>
Status Code is : 422  </system-out>
</testsuite> <!-- UpdateUserDetails -->
