<?xml version="1.0" encoding="UTF-8"?>
<!-- Generated by org.testng.reporters.JUnitReportReporter -->
<testsuite hostname="saurabhkumar14" failures="0" tests="1" name="CreateNewUser" time="4.620" errors="0" timestamp="2020-12-28T19:04:20 IST" skipped="0">
  <testcase classname="CreateNewUser" name="CreateUser" time="4.620"/>
  <system-out>
Generated New Id: 1598  </system-out>
</testsuite> <!-- CreateNewUser -->
