<?xml version="1.0" encoding="UTF-8"?>
<!-- Generated by org.testng.reporters.JUnitReportReporter -->
<testsuite hostname="saurabhkumar14" failures="0" tests="1" name="DeleteUserDetail" time="0.536" errors="0" timestamp="2020-12-28T19:04:20 IST" skipped="0">
  <testcase classname="DeleteUserDetail" name="DeleteUserMethod" time="0.536"/>
  <system-out>
User is Deleted successfully  </system-out>
</testsuite> <!-- DeleteUserDetail -->
